0 info it worked if it ends with ok
1 verbose cli [ '/usr/local/bin/node',
1 verbose cli   '/usr/local/bin/npm',
1 verbose cli   'run',
1 verbose cli   'babel-node',
1 verbose cli   'server/src/index.js' ]
2 info using npm@3.3.6
3 info using node@v5.0.0
4 verbose run-script [ 'prebabel-node', 'babel-node', 'postbabel-node' ]
5 info lifecycle today@0.0.1~prebabel-node: today@0.0.1
6 silly lifecycle today@0.0.1~prebabel-node: no script for prebabel-node, continuing
7 info lifecycle today@0.0.1~babel-node: today@0.0.1
8 verbose lifecycle today@0.0.1~babel-node: unsafe-perm in lifecycle true
9 verbose lifecycle today@0.0.1~babel-node: PATH: /usr/local/lib/node_modules/npm/bin/node-gyp-bin:/Users/alexcoady/Sites/today/node_modules/.bin:/usr/local/lib/node_modules/npm/bin/node-gyp-bin:/Users/alexcoady/Sites/today/node_modules/.bin:/Users/alexcoady/google-cloud-sdk/bin:/usr/local/bin:/usr/local/bin:/usr/bin:/bin:/usr/sbin:/sbin:/Users/alexcoady/.rvm/bin
10 verbose lifecycle today@0.0.1~babel-node: CWD: /Users/alexcoady/Sites/today
11 silly lifecycle today@0.0.1~babel-node: Args: [ '-c', 'babel-node "server/src/index.js"' ]
12 silly lifecycle today@0.0.1~babel-node: Returned: code: 1  signal: null
13 info lifecycle today@0.0.1~babel-node: Failed to exec babel-node script
14 verbose stack Error: today@0.0.1 babel-node: `babel-node "server/src/index.js"`
14 verbose stack Exit status 1
14 verbose stack     at EventEmitter.<anonymous> (/usr/local/lib/node_modules/npm/lib/utils/lifecycle.js:233:16)
14 verbose stack     at emitTwo (events.js:87:13)
14 verbose stack     at EventEmitter.emit (events.js:172:7)
14 verbose stack     at ChildProcess.<anonymous> (/usr/local/lib/node_modules/npm/lib/utils/spawn.js:24:14)
14 verbose stack     at emitTwo (events.js:87:13)
14 verbose stack     at ChildProcess.emit (events.js:172:7)
14 verbose stack     at maybeClose (internal/child_process.js:818:16)
14 verbose stack     at Process.ChildProcess._handle.onexit (internal/child_process.js:211:5)
15 verbose pkgid today@0.0.1
16 verbose cwd /Users/alexcoady/Sites/today
17 error Darwin 15.2.0
18 error argv "/usr/local/bin/node" "/usr/local/bin/npm" "run" "babel-node" "server/src/index.js"
19 error node v5.0.0
20 error npm  v3.3.6
21 error code ELIFECYCLE
22 error today@0.0.1 babel-node: `babel-node "server/src/index.js"`
22 error Exit status 1
23 error Failed at the today@0.0.1 babel-node script 'babel-node "server/src/index.js"'.
23 error This is most likely a problem with the today package,
23 error not with npm itself.
23 error Tell the author that this fails on your system:
23 error     babel-node "server/src/index.js"
23 error You can get their info via:
23 error     npm owner ls today
23 error There is likely additional logging output above.
24 verbose exit [ 1, true ]
